<?xml version="1.0" encoding="UTF-8"?>
<testsuite name="com.aor.numbers.ListSorterTest" tests="2" skipped="0" failures="0" errors="0" timestamp="2021-03-21T13:01:55" hostname="strix" time="0.018">
  <properties/>
  <testcase name="sort()" classname="com.aor.numbers.ListSorterTest" time="0.017"/>
  <testcase name="sort_bug()" classname="com.aor.numbers.ListSorterTest" time="0.0"/>
  <system-out><![CDATA[]]></system-out>
  <system-err><![CDATA[]]></system-err>
</testsuite>
