<?xml version="1.0" encoding="UTF-8"?>
<testsuite name="com.aor.numbers.ListFiltererTest" tests="2" skipped="0" failures="0" errors="0" timestamp="2021-03-21T13:01:55" hostname="strix" time="0.023">
  <properties/>
  <testcase name="filter()" classname="com.aor.numbers.ListFiltererTest" time="0.02"/>
  <testcase name="teste2()" classname="com.aor.numbers.ListFiltererTest" time="0.003"/>
  <system-out><![CDATA[]]></system-out>
  <system-err><![CDATA[]]></system-err>
</testsuite>
