<?xml version="1.0" encoding="UTF-8"?>
<testsuite name="com.aor.numbers.DivisibleByFilterTest" tests="2" skipped="0" failures="0" errors="0" timestamp="2021-03-21T13:01:55" hostname="strix" time="0.007">
  <properties/>
  <testcase name="acceptDivideBy2()" classname="com.aor.numbers.DivisibleByFilterTest" time="0.005"/>
  <testcase name="acceptDivideBy3()" classname="com.aor.numbers.DivisibleByFilterTest" time="0.001"/>
  <system-out><![CDATA[]]></system-out>
  <system-err><![CDATA[]]></system-err>
</testsuite>
