<?xml version="1.0" encoding="UTF-8"?>
<testsuite name="HumanClientTest" tests="1" skipped="0" failures="0" errors="0" timestamp="2021-03-25T23:20:34" hostname="strix" time="0.219">
  <properties/>
  <testcase name="removeObserver()" classname="HumanClientTest" time="0.219"/>
  <system-out><![CDATA[]]></system-out>
  <system-err><![CDATA[]]></system-err>
</testsuite>
