<?xml version="1.0" encoding="UTF-8"?>
<testsuite name="BarTest" tests="1" skipped="0" failures="0" errors="0" timestamp="2021-03-26T00:46:46" hostname="strix" time="0.028">
  <properties/>
  <testcase name="romulan()" classname="BarTest" time="0.028"/>
  <system-out><![CDATA[]]></system-out>
  <system-err><![CDATA[]]></system-err>
</testsuite>
