<?xml version="1.0" encoding="UTF-8"?>
<testsuite name="StringCaseChangerTest" tests="1" skipped="0" failures="0" errors="0" timestamp="2021-03-25T22:39:11" hostname="strix" time="0.025">
  <properties/>
  <testcase name="stringCaseChanger()" classname="StringCaseChangerTest" time="0.025"/>
  <system-out><![CDATA[]]></system-out>
  <system-err><![CDATA[]]></system-err>
</testsuite>
