<?xml version="1.0" encoding="UTF-8"?>
<testsuite name="StringTransformerGroupTest" tests="1" skipped="0" failures="0" errors="0" timestamp="2021-03-25T22:45:23" hostname="strix" time="0.039">
  <properties/>
  <testcase name="transformerComposite()" classname="StringTransformerGroupTest" time="0.039"/>
  <system-out><![CDATA[]]></system-out>
  <system-err><![CDATA[]]></system-err>
</testsuite>
